<?xml version="1.0" encoding="UTF-8"?>
<testsuite xmlns:xsi="http://www.w3.org/2001/XMLSchema-instance" xsi:noNamespaceSchemaLocation="https://maven.apache.org/surefire/maven-surefire-plugin/xsd/surefire-test-report.xsd" name="Dominio.DTOMesaTest" time="1.994" tests="11" errors="0" skipped="0" failures="0">
  <properties>
[...]
</properties>
  <testcase name="testActualizarEstadoMesasPorTurno" classname="Dominio.DTOMesaTest" time="0.06"/>
  <testcase name="testLeerMesa" classname="Dominio.DTOMesaTest" time="0.03"/>
  <testcase name="testSecuenciarEstado" classname="Dominio.DTOMesaTest" time="0"/>
  <testcase name="testLeerMesasOcupadas" classname="Dominio.DTOMesaTest" time="0.034"/>
  <testcase name="testCambiarEstado" classname="Dominio.DTOMesaTest" time="0.035"/>
  <testcase name="testAsignarCamarero" classname="Dominio.DTOMesaTest" time="0.269"/>
  <testcase name="testLeerMesasPorCamarero" classname="Dominio.DTOMesaTest" time="0.06"/>
  <testcase name="testCambiarMesaOcupada" classname="Dominio.DTOMesaTest" time="0.06"/>
  <testcase name="testConsultarEstadoMesa" classname="Dominio.DTOMesaTest" time="0.029"/>
  <testcase name="testLeerMesas" classname="Dominio.DTOMesaTest" time="0.029"/>
  <testcase name="testEstadoCorrecto" classname="Dominio.DTOMesaTest" time="0.03"/>
</testsuite>